
SQL*Loader: Release 12.2.0.1.0 - Production on Sat Jul 25 08:46:55 2020

Copyright (c) 1982, 2017, Oracle and/or its affiliates.  All rights reserved.

Control File:   decimaldataload.ctl
Data File:      DecimalDataload.txt
  Bad File:     DecimalDataload.bad
  Discard File:  none specified
 
 (Allow all discards)

Number to load: ALL
Number to skip: 0
Errors allowed: 50
Bind array:     64 rows, maximum of 256000 bytes
Continuation:    none specified
Path used:      Conventional

Table T_DECIMALLOAD_ACCOUNT, loaded from every logical record.
Insert option in effect for this table: INSERT

   Column Name                  Position   Len  Term Encl Datatype
------------------------------ ---------- ----- ---- ---- ---------------------
TX_TYPE                              1:10    10           CHARACTER            
ACCT                                13:17     5           CHARACTER            
AMT                                 20:24     5           CHARACTER            
    SQL string for column : ":amt/100"


Table T_DECIMALLOAD_ACCOUNT:
  3 Rows successfully loaded.
  0 Rows not loaded due to data errors.
  0 Rows not loaded because all WHEN clauses were failed.
  0 Rows not loaded because all fields were null.


Space allocated for bind array:                   1792 bytes(64 rows)
Read   buffer bytes: 1048576

Total logical records skipped:          0
Total logical records read:             3
Total logical records rejected:         0
Total logical records discarded:        0

Run began on Sat Jul 25 08:46:55 2020
Run ended on Sat Jul 25 08:47:00 2020

Elapsed time was:     00:00:05.04
CPU time was:         00:00:00.27
